  [1m[36m (1.8ms)[0m  [1mCREATE TABLE "schema_migrations" ("version" varchar NOT NULL) [0m
  [1m[35m (0.1ms)[0m  select sqlite_version(*)
  [1m[36m (0.9ms)[0m  [1mCREATE UNIQUE INDEX "unique_schema_migrations" ON "schema_migrations" ("version")[0m
  [1m[35mActiveRecord::SchemaMigration Load (0.1ms)[0m  SELECT "schema_migrations".* FROM "schema_migrations"
Migrating to CreateItems (20160901192700)
  [1m[36m (0.1ms)[0m  [1mbegin transaction[0m
  [1m[35m (0.4ms)[0m  CREATE TABLE "items" ("id" INTEGER PRIMARY KEY AUTOINCREMENT NOT NULL, "name" varchar NOT NULL, "description" varchar NOT NULL, "price_in_pennies" integer NOT NULL, "created_at" datetime NOT NULL, "updated_at" datetime NOT NULL) 
  [1m[36mSQL (0.3ms)[0m  [1mINSERT INTO "schema_migrations" ("version") VALUES (?)[0m  [["version", "20160901192700"]]
  [1m[35m (1.0ms)[0m  commit transaction
  [1m[36mActiveRecord::SchemaMigration Load (0.1ms)[0m  [1mSELECT "schema_migrations".* FROM "schema_migrations"[0m
  [1m[36mActiveRecord::SchemaMigration Load (0.1ms)[0m  [1mSELECT "schema_migrations".* FROM "schema_migrations"[0m
  [1m[35mSQL (1.7ms)[0m  DELETE FROM "items"
  [1m[36m (0.1ms)[0m  [1mbegin transaction[0m
  [1m[35mSQL (0.5ms)[0m  INSERT INTO "items" ("created_at", "updated_at") VALUES (?, ?)  [["created_at", "2016-09-01 19:31:28.497451"], ["updated_at", "2016-09-01 19:31:28.497451"]]
  [1m[36m (0.0ms)[0m  [1mrollback transaction[0m
  [1m[36mActiveRecord::SchemaMigration Load (0.1ms)[0m  [1mSELECT "schema_migrations".* FROM "schema_migrations"[0m
  [1m[35mActiveRecord::SchemaMigration Load (0.1ms)[0m  SELECT "schema_migrations".* FROM "schema_migrations"
  [1m[36mActiveRecord::SchemaMigration Load (0.1ms)[0m  [1mSELECT "schema_migrations".* FROM "schema_migrations"[0m
  [1m[35mSQL (1.7ms)[0m  DELETE FROM "items"
  [1m[36m (0.1ms)[0m  [1mbegin transaction[0m
  [1m[35mSQL (0.6ms)[0m  INSERT INTO "items" ("created_at", "updated_at") VALUES (?, ?)  [["created_at", "2016-09-01 19:32:11.526254"], ["updated_at", "2016-09-01 19:32:11.526254"]]
  [1m[36m (0.1ms)[0m  [1mrollback transaction[0m
  [1m[36mActiveRecord::SchemaMigration Load (0.1ms)[0m  [1mSELECT "schema_migrations".* FROM "schema_migrations"[0m
  [1m[35mActiveRecord::SchemaMigration Load (0.1ms)[0m  SELECT "schema_migrations".* FROM "schema_migrations"
  [1m[36mActiveRecord::SchemaMigration Load (0.1ms)[0m  [1mSELECT "schema_migrations".* FROM "schema_migrations"[0m
  [1m[35mSQL (1.7ms)[0m  DELETE FROM "items"
  [1m[36m (0.1ms)[0m  [1mbegin transaction[0m
  [1m[35mSQL (0.8ms)[0m  INSERT INTO "items" ("created_at", "updated_at") VALUES (?, ?)  [["created_at", "2016-09-01 19:38:46.704835"], ["updated_at", "2016-09-01 19:38:46.704835"]]
  [1m[36m (0.1ms)[0m  [1mrollback transaction[0m
  [1m[36mActiveRecord::SchemaMigration Load (0.1ms)[0m  [1mSELECT "schema_migrations".* FROM "schema_migrations"[0m
  [1m[35mSQL (1.7ms)[0m  DELETE FROM "items"
  [1m[36m (0.1ms)[0m  [1mbegin transaction[0m
  [1m[35mSQL (0.5ms)[0m  INSERT INTO "items" ("created_at", "updated_at") VALUES (?, ?)  [["created_at", "2016-09-01 19:39:09.866592"], ["updated_at", "2016-09-01 19:39:09.866592"]]
  [1m[36m (0.0ms)[0m  [1mrollback transaction[0m
  [1m[36mActiveRecord::SchemaMigration Load (0.1ms)[0m  [1mSELECT "schema_migrations".* FROM "schema_migrations"[0m
  [1m[35mSQL (1.7ms)[0m  DELETE FROM "items"
  [1m[36m (0.1ms)[0m  [1mbegin transaction[0m
  [1m[35mSQL (0.4ms)[0m  INSERT INTO "items" ("created_at", "updated_at") VALUES (?, ?)  [["created_at", "2016-09-01 19:39:20.678830"], ["updated_at", "2016-09-01 19:39:20.678830"]]
  [1m[36m (0.0ms)[0m  [1mrollback transaction[0m
  [1m[36m (1.6ms)[0m  [1mCREATE TABLE "schema_migrations" ("version" varchar NOT NULL) [0m
  [1m[35m (0.1ms)[0m  select sqlite_version(*)
  [1m[36m (1.1ms)[0m  [1mCREATE UNIQUE INDEX "unique_schema_migrations" ON "schema_migrations" ("version")[0m
  [1m[35mActiveRecord::SchemaMigration Load (0.1ms)[0m  SELECT "schema_migrations".* FROM "schema_migrations"
Migrating to CreateItems (20160901192700)
  [1m[36m (0.1ms)[0m  [1mbegin transaction[0m
  [1m[35m (0.3ms)[0m  CREATE TABLE "items" ("id" INTEGER PRIMARY KEY AUTOINCREMENT NOT NULL, "name" varchar, "description" varchar, "price_in_pennies" integer, "created_at" datetime NOT NULL, "updated_at" datetime NOT NULL) 
  [1m[36mSQL (0.1ms)[0m  [1mINSERT INTO "schema_migrations" ("version") VALUES (?)[0m  [["version", "20160901192700"]]
  [1m[35m (0.7ms)[0m  commit transaction
  [1m[36mActiveRecord::SchemaMigration Load (0.1ms)[0m  [1mSELECT "schema_migrations".* FROM "schema_migrations"[0m
  [1m[36mActiveRecord::SchemaMigration Load (0.1ms)[0m  [1mSELECT "schema_migrations".* FROM "schema_migrations"[0m
  [1m[35mSQL (1.7ms)[0m  DELETE FROM "items"
  [1m[36m (0.1ms)[0m  [1mbegin transaction[0m
  [1m[35mSQL (0.4ms)[0m  INSERT INTO "items" ("created_at", "updated_at") VALUES (?, ?)  [["created_at", "2016-09-01 19:39:55.207575"], ["updated_at", "2016-09-01 19:39:55.207575"]]
  [1m[36m (0.7ms)[0m  [1mcommit transaction[0m
  [1m[35m (0.0ms)[0m  begin transaction
  [1m[36mSQL (0.2ms)[0m  [1mINSERT INTO "items" ("created_at", "updated_at") VALUES (?, ?)[0m  [["created_at", "2016-09-01 19:39:55.212467"], ["updated_at", "2016-09-01 19:39:55.212467"]]
  [1m[35m (0.6ms)[0m  commit transaction
  [1m[36m (0.0ms)[0m  [1mbegin transaction[0m
  [1m[35mSQL (0.2ms)[0m  INSERT INTO "items" ("created_at", "updated_at") VALUES (?, ?)  [["created_at", "2016-09-01 19:39:55.214221"], ["updated_at", "2016-09-01 19:39:55.214221"]]
  [1m[36m (0.6ms)[0m  [1mcommit transaction[0m
  [1m[36mItem Load (1.3ms)[0m  [1mSELECT "items".* FROM "items"[0m
  [1m[36mActiveRecord::SchemaMigration Load (0.1ms)[0m  [1mSELECT "schema_migrations".* FROM "schema_migrations"[0m
  [1m[35mSQL (1.7ms)[0m  DELETE FROM "items"
  [1m[36m (0.1ms)[0m  [1mbegin transaction[0m
  [1m[35mSQL (0.3ms)[0m  INSERT INTO "items" ("created_at", "updated_at") VALUES (?, ?)  [["created_at", "2016-09-01 19:41:17.226480"], ["updated_at", "2016-09-01 19:41:17.226480"]]
  [1m[36m (0.7ms)[0m  [1mcommit transaction[0m
  [1m[35m (0.0ms)[0m  begin transaction
  [1m[36mSQL (0.2ms)[0m  [1mINSERT INTO "items" ("created_at", "updated_at") VALUES (?, ?)[0m  [["created_at", "2016-09-01 19:41:17.231391"], ["updated_at", "2016-09-01 19:41:17.231391"]]
  [1m[35m (0.5ms)[0m  commit transaction
  [1m[36m (0.0ms)[0m  [1mbegin transaction[0m
  [1m[35mSQL (0.2ms)[0m  INSERT INTO "items" ("created_at", "updated_at") VALUES (?, ?)  [["created_at", "2016-09-01 19:41:17.233102"], ["updated_at", "2016-09-01 19:41:17.233102"]]
  [1m[36m (0.6ms)[0m  [1mcommit transaction[0m
  [1m[36mItem Load (1.2ms)[0m  [1mSELECT "items".* FROM "items"[0m
  [1m[36m (1.5ms)[0m  [1mCREATE TABLE "schema_migrations" ("version" varchar NOT NULL) [0m
  [1m[35m (0.1ms)[0m  select sqlite_version(*)
  [1m[36m (0.7ms)[0m  [1mCREATE UNIQUE INDEX "unique_schema_migrations" ON "schema_migrations" ("version")[0m
  [1m[35mActiveRecord::SchemaMigration Load (0.1ms)[0m  SELECT "schema_migrations".* FROM "schema_migrations"
Migrating to CreateItems (20160901192700)
  [1m[36m (0.0ms)[0m  [1mbegin transaction[0m
  [1m[35m (0.3ms)[0m  CREATE TABLE "items" ("id" INTEGER PRIMARY KEY AUTOINCREMENT NOT NULL, "name" varchar, "description" varchar, "price_in_pennies" integer, "created_at" datetime NOT NULL, "updated_at" datetime NOT NULL) 
  [1m[36mSQL (0.1ms)[0m  [1mINSERT INTO "schema_migrations" ("version") VALUES (?)[0m  [["version", "20160901192700"]]
  [1m[35m (0.7ms)[0m  commit transaction
  [1m[36mActiveRecord::SchemaMigration Load (0.1ms)[0m  [1mSELECT "schema_migrations".* FROM "schema_migrations"[0m
  [1m[36mActiveRecord::SchemaMigration Load (0.1ms)[0m  [1mSELECT "schema_migrations".* FROM "schema_migrations"[0m
  [1m[35mSQL (1.6ms)[0m  DELETE FROM "items"
  [1m[36m (0.1ms)[0m  [1mbegin transaction[0m
  [1m[35mSQL (0.3ms)[0m  INSERT INTO "items" ("created_at", "updated_at") VALUES (?, ?)  [["created_at", "2016-09-01 19:44:18.470271"], ["updated_at", "2016-09-01 19:44:18.470271"]]
  [1m[36m (0.5ms)[0m  [1mcommit transaction[0m
  [1m[35m (0.0ms)[0m  begin transaction
  [1m[36mSQL (0.2ms)[0m  [1mINSERT INTO "items" ("created_at", "updated_at") VALUES (?, ?)[0m  [["created_at", "2016-09-01 19:44:18.474201"], ["updated_at", "2016-09-01 19:44:18.474201"]]
  [1m[35m (0.7ms)[0m  commit transaction
  [1m[36m (0.0ms)[0m  [1mbegin transaction[0m
  [1m[35mSQL (0.1ms)[0m  INSERT INTO "items" ("created_at", "updated_at") VALUES (?, ?)  [["created_at", "2016-09-01 19:44:18.475944"], ["updated_at", "2016-09-01 19:44:18.475944"]]
  [1m[36m (0.6ms)[0m  [1mcommit transaction[0m
  [1m[36mItem Load (1.7ms)[0m  [1mSELECT "items".* FROM "items"[0m
  [1m[36m (1.6ms)[0m  [1mCREATE TABLE "schema_migrations" ("version" varchar NOT NULL) [0m
  [1m[35m (0.1ms)[0m  select sqlite_version(*)
  [1m[36m (0.8ms)[0m  [1mCREATE UNIQUE INDEX "unique_schema_migrations" ON "schema_migrations" ("version")[0m
  [1m[35mActiveRecord::SchemaMigration Load (0.1ms)[0m  SELECT "schema_migrations".* FROM "schema_migrations"
Migrating to CreateItems (20160901192700)
  [1m[36m (0.1ms)[0m  [1mbegin transaction[0m
  [1m[35m (0.3ms)[0m  CREATE TABLE "items" ("id" INTEGER PRIMARY KEY AUTOINCREMENT NOT NULL, "price_in_pennies" integer, "created_at" datetime NOT NULL, "updated_at" datetime NOT NULL) 
  [1m[36mSQL (0.1ms)[0m  [1mINSERT INTO "schema_migrations" ("version") VALUES (?)[0m  [["version", "20160901192700"]]
  [1m[35m (0.7ms)[0m  commit transaction
  [1m[36mActiveRecord::SchemaMigration Load (0.1ms)[0m  [1mSELECT "schema_migrations".* FROM "schema_migrations"[0m
  [1m[36mActiveRecord::SchemaMigration Load (0.1ms)[0m  [1mSELECT "schema_migrations".* FROM "schema_migrations"[0m
  [1m[35mSQL (1.7ms)[0m  DELETE FROM "items"
  [1m[36m (0.1ms)[0m  [1mbegin transaction[0m
  [1m[35mSQL (0.3ms)[0m  INSERT INTO "items" ("price_in_pennies", "created_at", "updated_at") VALUES (?, ?, ?)  [["price_in_pennies", 1599], ["created_at", "2016-09-01 19:53:43.890568"], ["updated_at", "2016-09-01 19:53:43.890568"]]
  [1m[36m (0.7ms)[0m  [1mcommit transaction[0m
  [1m[36mItem Load (1.3ms)[0m  [1mSELECT "items".* FROM "items"[0m
  [1m[36m (1.9ms)[0m  [1mCREATE TABLE "schema_migrations" ("version" varchar NOT NULL) [0m
  [1m[35m (0.1ms)[0m  select sqlite_version(*)
  [1m[36m (0.7ms)[0m  [1mCREATE UNIQUE INDEX "unique_schema_migrations" ON "schema_migrations" ("version")[0m
  [1m[35mActiveRecord::SchemaMigration Load (0.1ms)[0m  SELECT "schema_migrations".* FROM "schema_migrations"
Migrating to CreateItems (20160901192700)
  [1m[36m (0.0ms)[0m  [1mbegin transaction[0m
  [1m[35m (0.3ms)[0m  CREATE TABLE "items" ("id" INTEGER PRIMARY KEY AUTOINCREMENT NOT NULL, "name" varchar, "price_in_pennies" integer, "created_at" datetime NOT NULL, "updated_at" datetime NOT NULL) 
  [1m[36mSQL (0.1ms)[0m  [1mINSERT INTO "schema_migrations" ("version") VALUES (?)[0m  [["version", "20160901192700"]]
  [1m[35m (0.7ms)[0m  commit transaction
  [1m[36mActiveRecord::SchemaMigration Load (0.1ms)[0m  [1mSELECT "schema_migrations".* FROM "schema_migrations"[0m
  [1m[36mActiveRecord::SchemaMigration Load (0.1ms)[0m  [1mSELECT "schema_migrations".* FROM "schema_migrations"[0m
  [1m[35mSQL (1.5ms)[0m  DELETE FROM "items"
  [1m[36m (0.1ms)[0m  [1mbegin transaction[0m
  [1m[35mSQL (0.3ms)[0m  INSERT INTO "items" ("name", "price_in_pennies", "created_at", "updated_at") VALUES (?, ?, ?, ?)  [["name", "Test Item 1"], ["price_in_pennies", 1599], ["created_at", "2016-09-01 19:54:57.461462"], ["updated_at", "2016-09-01 19:54:57.461462"]]
  [1m[36m (0.6ms)[0m  [1mcommit transaction[0m
  [1m[36mItem Load (1.3ms)[0m  [1mSELECT "items".* FROM "items"[0m
  [1m[36m (1.7ms)[0m  [1mCREATE TABLE "schema_migrations" ("version" varchar NOT NULL) [0m
  [1m[35m (0.1ms)[0m  select sqlite_version(*)
  [1m[36m (0.9ms)[0m  [1mCREATE UNIQUE INDEX "unique_schema_migrations" ON "schema_migrations" ("version")[0m
  [1m[35mActiveRecord::SchemaMigration Load (0.1ms)[0m  SELECT "schema_migrations".* FROM "schema_migrations"
Migrating to CreateItems (20160901192700)
  [1m[36m (0.1ms)[0m  [1mbegin transaction[0m
  [1m[35m (0.4ms)[0m  CREATE TABLE "items" ("id" INTEGER PRIMARY KEY AUTOINCREMENT NOT NULL, "name" varchar, "description" varchar, "price_in_pennies" integer, "created_at" datetime NOT NULL, "updated_at" datetime NOT NULL) 
  [1m[36mSQL (0.1ms)[0m  [1mINSERT INTO "schema_migrations" ("version") VALUES (?)[0m  [["version", "20160901192700"]]
  [1m[35m (0.7ms)[0m  commit transaction
  [1m[36mActiveRecord::SchemaMigration Load (0.1ms)[0m  [1mSELECT "schema_migrations".* FROM "schema_migrations"[0m
  [1m[36mActiveRecord::SchemaMigration Load (0.1ms)[0m  [1mSELECT "schema_migrations".* FROM "schema_migrations"[0m
  [1m[35mSQL (1.5ms)[0m  DELETE FROM "items"
  [1m[36m (0.1ms)[0m  [1mbegin transaction[0m
  [1m[35mSQL (0.3ms)[0m  INSERT INTO "items" ("name", "description", "price_in_pennies", "created_at", "updated_at") VALUES (?, ?, ?, ?, ?)  [["name", "Test Item 1"], ["description", "Well that was weird."], ["price_in_pennies", 1599], ["created_at", "2016-09-01 19:55:38.547873"], ["updated_at", "2016-09-01 19:55:38.547873"]]
  [1m[36m (0.6ms)[0m  [1mcommit transaction[0m
  [1m[36mItem Load (1.6ms)[0m  [1mSELECT "items".* FROM "items"[0m
  [1m[36mActiveRecord::SchemaMigration Load (0.1ms)[0m  [1mSELECT "schema_migrations".* FROM "schema_migrations"[0m
  [1m[35mSQL (0.8ms)[0m  DELETE FROM "items"
  [1m[36m (0.1ms)[0m  [1mbegin transaction[0m
  [1m[35mSQL (0.3ms)[0m  INSERT INTO "items" ("name", "description", "price_in_pennies", "created_at", "updated_at") VALUES (?, ?, ?, ?, ?)  [["name", "Test Item 1"], ["description", "Well that was weird."], ["price_in_pennies", 1599], ["created_at", "2016-09-01 19:56:22.971525"], ["updated_at", "2016-09-01 19:56:22.971525"]]
  [1m[36m (0.6ms)[0m  [1mcommit transaction[0m
  [1m[35m (0.0ms)[0m  begin transaction
  [1m[36mSQL (0.1ms)[0m  [1mINSERT INTO "items" ("name", "description", "price_in_pennies", "created_at", "updated_at") VALUES (?, ?, ?, ?, ?)[0m  [["name", "Test Item 2"], ["description", "Well that was weirder."], ["price_in_pennies", 2599], ["created_at", "2016-09-01 19:56:22.975005"], ["updated_at", "2016-09-01 19:56:22.975005"]]
  [1m[35m (0.5ms)[0m  commit transaction
  [1m[36m (0.0ms)[0m  [1mbegin transaction[0m
  [1m[35mSQL (0.2ms)[0m  INSERT INTO "items" ("name", "description", "price_in_pennies", "created_at", "updated_at") VALUES (?, ?, ?, ?, ?)  [["name", "Test Item 3"], ["description", "Well that was weirdest."], ["price_in_pennies", 1999], ["created_at", "2016-09-01 19:56:22.976657"], ["updated_at", "2016-09-01 19:56:22.976657"]]
  [1m[36m (0.6ms)[0m  [1mcommit transaction[0m
  [1m[36mItem Load (1.2ms)[0m  [1mSELECT "items".* FROM "items"[0m
  [1m[36m (1.8ms)[0m  [1mCREATE TABLE "schema_migrations" ("version" varchar NOT NULL) [0m
  [1m[35m (0.1ms)[0m  select sqlite_version(*)
  [1m[36m (1.1ms)[0m  [1mCREATE UNIQUE INDEX "unique_schema_migrations" ON "schema_migrations" ("version")[0m
  [1m[35mActiveRecord::SchemaMigration Load (0.1ms)[0m  SELECT "schema_migrations".* FROM "schema_migrations"
Migrating to CreateItems (20160901192700)
  [1m[36m (0.1ms)[0m  [1mbegin transaction[0m
  [1m[35m (0.4ms)[0m  CREATE TABLE "items" ("id" INTEGER PRIMARY KEY AUTOINCREMENT NOT NULL, "name" varchar, "description" varchar, "price_in_pennies" integer, "created_at" datetime NOT NULL, "updated_at" datetime NOT NULL) 
  [1m[36mSQL (0.1ms)[0m  [1mINSERT INTO "schema_migrations" ("version") VALUES (?)[0m  [["version", "20160901192700"]]
  [1m[35m (0.9ms)[0m  commit transaction
  [1m[36mActiveRecord::SchemaMigration Load (0.1ms)[0m  [1mSELECT "schema_migrations".* FROM "schema_migrations"[0m
  [1m[36mActiveRecord::SchemaMigration Load (0.1ms)[0m  [1mSELECT "schema_migrations".* FROM "schema_migrations"[0m
  [1m[35mSQL (1.7ms)[0m  DELETE FROM "items"
  [1m[36m (0.1ms)[0m  [1mbegin transaction[0m
  [1m[35mSQL (0.3ms)[0m  INSERT INTO "items" ("created_at", "updated_at") VALUES (?, ?)  [["created_at", "2016-09-01 19:56:50.778297"], ["updated_at", "2016-09-01 19:56:50.778297"]]
  [1m[36m (1.0ms)[0m  [1mcommit transaction[0m
  [1m[35m (0.1ms)[0m  begin transaction
  [1m[36mSQL (0.2ms)[0m  [1mINSERT INTO "items" ("created_at", "updated_at") VALUES (?, ?)[0m  [["created_at", "2016-09-01 19:56:50.782262"], ["updated_at", "2016-09-01 19:56:50.782262"]]
  [1m[35m (0.7ms)[0m  commit transaction
  [1m[36m (0.1ms)[0m  [1mbegin transaction[0m
  [1m[35mSQL (0.3ms)[0m  INSERT INTO "items" ("created_at", "updated_at") VALUES (?, ?)  [["created_at", "2016-09-01 19:56:50.784309"], ["updated_at", "2016-09-01 19:56:50.784309"]]
  [1m[36m (0.6ms)[0m  [1mcommit transaction[0m
  [1m[36mItem Load (1.3ms)[0m  [1mSELECT "items".* FROM "items"[0m
  [1m[36m (1.6ms)[0m  [1mCREATE TABLE "schema_migrations" ("version" varchar NOT NULL) [0m
  [1m[35m (0.1ms)[0m  select sqlite_version(*)
  [1m[36m (0.9ms)[0m  [1mCREATE UNIQUE INDEX "unique_schema_migrations" ON "schema_migrations" ("version")[0m
  [1m[35mActiveRecord::SchemaMigration Load (0.1ms)[0m  SELECT "schema_migrations".* FROM "schema_migrations"
Migrating to CreateItems (20160901192700)
  [1m[36m (0.1ms)[0m  [1mbegin transaction[0m
  [1m[35m (0.4ms)[0m  CREATE TABLE "items" ("id" INTEGER PRIMARY KEY AUTOINCREMENT NOT NULL, "name" varchar, "description" varchar, "price_in_pennies" integer, "created_at" datetime NOT NULL, "updated_at" datetime NOT NULL) 
  [1m[36mSQL (0.2ms)[0m  [1mINSERT INTO "schema_migrations" ("version") VALUES (?)[0m  [["version", "20160901192700"]]
  [1m[35m (1.3ms)[0m  commit transaction
  [1m[36mActiveRecord::SchemaMigration Load (0.1ms)[0m  [1mSELECT "schema_migrations".* FROM "schema_migrations"[0m
  [1m[36mActiveRecord::SchemaMigration Load (0.1ms)[0m  [1mSELECT "schema_migrations".* FROM "schema_migrations"[0m
  [1m[35mSQL (1.4ms)[0m  DELETE FROM "items"
  [1m[36m (0.1ms)[0m  [1mbegin transaction[0m
  [1m[35mSQL (0.3ms)[0m  INSERT INTO "items" ("name", "description", "price_in_pennies", "created_at", "updated_at") VALUES (?, ?, ?, ?, ?)  [["name", "Test Item 1"], ["description", "Well that was weird."], ["price_in_pennies", 1599], ["created_at", "2016-09-01 19:57:15.434797"], ["updated_at", "2016-09-01 19:57:15.434797"]]
  [1m[36m (0.8ms)[0m  [1mcommit transaction[0m
  [1m[35m (0.1ms)[0m  begin transaction
  [1m[36mSQL (0.2ms)[0m  [1mINSERT INTO "items" ("name", "description", "price_in_pennies", "created_at", "updated_at") VALUES (?, ?, ?, ?, ?)[0m  [["name", "Test Item 2"], ["description", "Well that was weirder."], ["price_in_pennies", 2599], ["created_at", "2016-09-01 19:57:15.438995"], ["updated_at", "2016-09-01 19:57:15.438995"]]
  [1m[35m (0.6ms)[0m  commit transaction
  [1m[36m (0.0ms)[0m  [1mbegin transaction[0m
  [1m[35mSQL (0.2ms)[0m  INSERT INTO "items" ("name", "description", "price_in_pennies", "created_at", "updated_at") VALUES (?, ?, ?, ?, ?)  [["name", "Test Item 3"], ["description", "Well that was weirdest."], ["price_in_pennies", 1999], ["created_at", "2016-09-01 19:57:15.440885"], ["updated_at", "2016-09-01 19:57:15.440885"]]
  [1m[36m (0.6ms)[0m  [1mcommit transaction[0m
  [1m[36mItem Load (1.3ms)[0m  [1mSELECT "items".* FROM "items"[0m


Started GET "/" for ::1 at 2016-09-01 12:57:44 -0700
  [1m[36mActiveRecord::SchemaMigration Load (0.1ms)[0m  [1mSELECT "schema_migrations".* FROM "schema_migrations"[0m
Processing by ItemsController#index as HTML
  [1m[35mItem Load (0.1ms)[0m  SELECT "items".* FROM "items"
  Rendered items/index.html.erb within layouts/application (18.8ms)
Completed 200 OK in 868ms (Views: 859.1ms | ActiveRecord: 0.4ms)


Started GET "/" for ::1 at 2016-09-01 12:57:45 -0700
Processing by ItemsController#index as HTML
  [1m[36mItem Load (0.2ms)[0m  [1mSELECT "items".* FROM "items"[0m
  Rendered items/index.html.erb within layouts/application (1.9ms)
Completed 200 OK in 18ms (Views: 17.0ms | ActiveRecord: 0.2ms)


Started GET "/assets/application.self-e80e8f2318043e8af94dddc2adad5a4f09739a8ebb323b3ab31cd71d45fd9113.css?body=1" for ::1 at 2016-09-01 12:57:45 -0700


Started GET "/assets/items.self-e3b0c44298fc1c149afbf4c8996fb92427ae41e4649b934ca495991b7852b855.css?body=1" for ::1 at 2016-09-01 12:57:45 -0700


Started GET "/assets/jquery.self-bd7ddd393353a8d2480a622e80342adf488fb6006d667e8b42e4c0073393abee.js?body=1" for ::1 at 2016-09-01 12:57:45 -0700


Started GET "/assets/application.self-3b8dabdc891efe46b9a144b400ad69e37d7e5876bdc39dee783419a69d7ca819.js?body=1" for ::1 at 2016-09-01 12:57:45 -0700


Started GET "/assets/jquery_ujs.self-784a997f6726036b1993eb2217c9cb558e1cbb801c6da88105588c56f13b466a.js?body=1" for ::1 at 2016-09-01 12:57:45 -0700


Started GET "/assets/turbolinks.self-c5acd7a204f5f25ce7a1d8a0e4d92e28d34c9e2df2c7371cd7af88e147e4ad82.js?body=1" for ::1 at 2016-09-01 12:57:45 -0700


Started GET "/assets/items.self-877aef30ae1b040ab8a3aba4e3e309a11d7f2612f44dde450b5c157aa5f95c05.js?body=1" for ::1 at 2016-09-01 12:57:45 -0700


Started GET "/" for ::1 at 2016-09-01 12:58:11 -0700
Processing by ItemsController#index as HTML
  [1m[35mItem Load (0.1ms)[0m  SELECT "items".* FROM "items"
  Rendered items/index.html.erb within layouts/application (3.0ms)
Completed 200 OK in 27ms (Views: 25.9ms | ActiveRecord: 0.1ms)


Started GET "/assets/items.self-e3b0c44298fc1c149afbf4c8996fb92427ae41e4649b934ca495991b7852b855.css?body=1" for ::1 at 2016-09-01 12:58:11 -0700


Started GET "/assets/jquery.self-bd7ddd393353a8d2480a622e80342adf488fb6006d667e8b42e4c0073393abee.js?body=1" for ::1 at 2016-09-01 12:58:11 -0700


Started GET "/assets/application.self-e80e8f2318043e8af94dddc2adad5a4f09739a8ebb323b3ab31cd71d45fd9113.css?body=1" for ::1 at 2016-09-01 12:58:11 -0700


Started GET "/assets/turbolinks.self-c5acd7a204f5f25ce7a1d8a0e4d92e28d34c9e2df2c7371cd7af88e147e4ad82.js?body=1" for ::1 at 2016-09-01 12:58:11 -0700


Started GET "/assets/jquery_ujs.self-784a997f6726036b1993eb2217c9cb558e1cbb801c6da88105588c56f13b466a.js?body=1" for ::1 at 2016-09-01 12:58:11 -0700


Started GET "/assets/items.self-877aef30ae1b040ab8a3aba4e3e309a11d7f2612f44dde450b5c157aa5f95c05.js?body=1" for ::1 at 2016-09-01 12:58:11 -0700


Started GET "/assets/application.self-3b8dabdc891efe46b9a144b400ad69e37d7e5876bdc39dee783419a69d7ca819.js?body=1" for ::1 at 2016-09-01 12:58:11 -0700


Started GET "/" for ::1 at 2016-09-01 12:59:39 -0700
Processing by ItemsController#index as HTML
  [1m[36mItem Load (0.3ms)[0m  [1mSELECT "items".* FROM "items"[0m
  Rendered items/index.html.erb within layouts/application (17.5ms)
Completed 500 Internal Server Error in 25ms (ActiveRecord: 0.5ms)

ActionView::Template::Error (undefined method `active' for #<Item:0x007fb6c0e7c0b0>):
    13: 			<li><%= item.name %></li>
    14: 			<li><%= item.description %> </li>
    15: 			<li><%=  item.pretty_price %></li>
    16: 			<li><%= item.active.to_s %></li>
    17: 		</ul>
    18: 
    19: 		<% end %>
  app/views/items/index.html.erb:16:in `block in _app_views_items_index_html_erb__2138111946817213817_70211448453280'
  app/views/items/index.html.erb:11:in `_app_views_items_index_html_erb__2138111946817213817_70211448453280'


  Rendered /Users/nopotatoes/.rbenv/versions/2.2.1/lib/ruby/gems/2.2.0/gems/actionpack-4.2.6/lib/action_dispatch/middleware/templates/rescues/_source.erb (5.8ms)
  Rendered /Users/nopotatoes/.rbenv/versions/2.2.1/lib/ruby/gems/2.2.0/gems/actionpack-4.2.6/lib/action_dispatch/middleware/templates/rescues/_trace.html.erb (2.3ms)
  Rendered /Users/nopotatoes/.rbenv/versions/2.2.1/lib/ruby/gems/2.2.0/gems/actionpack-4.2.6/lib/action_dispatch/middleware/templates/rescues/_request_and_response.html.erb (0.9ms)
  Rendered /Users/nopotatoes/.rbenv/versions/2.2.1/lib/ruby/gems/2.2.0/gems/actionpack-4.2.6/lib/action_dispatch/middleware/templates/rescues/template_error.html.erb within rescues/layout (66.0ms)
  Rendered /Users/nopotatoes/.rbenv/versions/2.2.1/lib/ruby/gems/2.2.0/gems/web-console-2.3.0/lib/web_console/templates/_markup.html.erb (0.4ms)
  Rendered /Users/nopotatoes/.rbenv/versions/2.2.1/lib/ruby/gems/2.2.0/gems/web-console-2.3.0/lib/web_console/templates/_inner_console_markup.html.erb within layouts/inlined_string (0.3ms)
  Rendered /Users/nopotatoes/.rbenv/versions/2.2.1/lib/ruby/gems/2.2.0/gems/web-console-2.3.0/lib/web_console/templates/_prompt_box_markup.html.erb within layouts/inlined_string (0.3ms)
  Rendered /Users/nopotatoes/.rbenv/versions/2.2.1/lib/ruby/gems/2.2.0/gems/web-console-2.3.0/lib/web_console/templates/style.css.erb within layouts/inlined_string (0.4ms)
  Rendered /Users/nopotatoes/.rbenv/versions/2.2.1/lib/ruby/gems/2.2.0/gems/web-console-2.3.0/lib/web_console/templates/console.js.erb within layouts/javascript (56.5ms)
  Rendered /Users/nopotatoes/.rbenv/versions/2.2.1/lib/ruby/gems/2.2.0/gems/web-console-2.3.0/lib/web_console/templates/main.js.erb within layouts/javascript (0.3ms)
  Rendered /Users/nopotatoes/.rbenv/versions/2.2.1/lib/ruby/gems/2.2.0/gems/web-console-2.3.0/lib/web_console/templates/error_page.js.erb within layouts/javascript (0.4ms)
  Rendered /Users/nopotatoes/.rbenv/versions/2.2.1/lib/ruby/gems/2.2.0/gems/web-console-2.3.0/lib/web_console/templates/index.html.erb (128.5ms)
  [1m[36m (1.8ms)[0m  [1mCREATE TABLE "schema_migrations" ("version" varchar NOT NULL) [0m
  [1m[35m (0.1ms)[0m  select sqlite_version(*)
  [1m[36m (0.8ms)[0m  [1mCREATE UNIQUE INDEX "unique_schema_migrations" ON "schema_migrations" ("version")[0m
  [1m[35mActiveRecord::SchemaMigration Load (0.1ms)[0m  SELECT "schema_migrations".* FROM "schema_migrations"
Migrating to CreateItems (20160901192700)
  [1m[36m (0.1ms)[0m  [1mbegin transaction[0m
  [1m[35m (0.3ms)[0m  CREATE TABLE "items" ("id" INTEGER PRIMARY KEY AUTOINCREMENT NOT NULL, "name" varchar, "description" varchar, "price_in_pennies" integer, "created_at" datetime NOT NULL, "updated_at" datetime NOT NULL) 
  [1m[36mSQL (0.1ms)[0m  [1mINSERT INTO "schema_migrations" ("version") VALUES (?)[0m  [["version", "20160901192700"]]
  [1m[35m (0.6ms)[0m  commit transaction
  [1m[36mActiveRecord::SchemaMigration Load (0.1ms)[0m  [1mSELECT "schema_migrations".* FROM "schema_migrations"[0m
  [1m[36mActiveRecord::SchemaMigration Load (0.1ms)[0m  [1mSELECT "schema_migrations".* FROM "schema_migrations"[0m
  [1m[35mSQL (1.6ms)[0m  DELETE FROM "items"
  [1m[36m (0.1ms)[0m  [1mbegin transaction[0m
  [1m[35m (0.0ms)[0m  rollback transaction
  [1m[36mActiveRecord::SchemaMigration Load (0.1ms)[0m  [1mSELECT "schema_migrations".* FROM "schema_migrations"[0m
  [1m[35mActiveRecord::SchemaMigration Load (0.1ms)[0m  SELECT "schema_migrations".* FROM "schema_migrations"
  [1m[36mActiveRecord::SchemaMigration Load (0.1ms)[0m  [1mSELECT "schema_migrations".* FROM "schema_migrations"[0m
  [1m[35mSQL (1.1ms)[0m  DELETE FROM "items"
  [1m[36m (0.1ms)[0m  [1mbegin transaction[0m
  [1m[35m (0.1ms)[0m  rollback transaction
  [1m[36m (1.8ms)[0m  [1mCREATE TABLE "schema_migrations" ("version" varchar NOT NULL) [0m
  [1m[35m (0.1ms)[0m  select sqlite_version(*)
  [1m[36m (1.1ms)[0m  [1mCREATE UNIQUE INDEX "unique_schema_migrations" ON "schema_migrations" ("version")[0m
  [1m[35mActiveRecord::SchemaMigration Load (0.1ms)[0m  SELECT "schema_migrations".* FROM "schema_migrations"
Migrating to CreateItems (20160901192700)
  [1m[36m (0.1ms)[0m  [1mbegin transaction[0m
  [1m[35m (0.4ms)[0m  CREATE TABLE "items" ("id" INTEGER PRIMARY KEY AUTOINCREMENT NOT NULL, "name" varchar, "description" varchar, "price_in_pennies" integer, "created_at" datetime NOT NULL, "updated_at" datetime NOT NULL) 
  [1m[36mSQL (0.2ms)[0m  [1mINSERT INTO "schema_migrations" ("version") VALUES (?)[0m  [["version", "20160901192700"]]
  [1m[35m (0.8ms)[0m  commit transaction
  [1m[36mActiveRecord::SchemaMigration Load (0.1ms)[0m  [1mSELECT "schema_migrations".* FROM "schema_migrations"[0m
  [1m[36mActiveRecord::SchemaMigration Load (0.1ms)[0m  [1mSELECT "schema_migrations".* FROM "schema_migrations"[0m
  [1m[35mActiveRecord::SchemaMigration Load (0.1ms)[0m  SELECT "schema_migrations".* FROM "schema_migrations"
  [1m[36m (1.8ms)[0m  [1mCREATE TABLE "schema_migrations" ("version" varchar NOT NULL) [0m
  [1m[35m (0.1ms)[0m  select sqlite_version(*)
  [1m[36m (0.8ms)[0m  [1mCREATE UNIQUE INDEX "unique_schema_migrations" ON "schema_migrations" ("version")[0m
  [1m[35mActiveRecord::SchemaMigration Load (0.1ms)[0m  SELECT "schema_migrations".* FROM "schema_migrations"
Migrating to CreateItems (20160901192700)
  [1m[36m (0.1ms)[0m  [1mbegin transaction[0m
  [1m[35m (0.4ms)[0m  CREATE TABLE "items" ("id" INTEGER PRIMARY KEY AUTOINCREMENT NOT NULL, "name" varchar, "description" varchar, "price_in_pennies" integer, "active" boolean DEFAULT 'f', "created_at" datetime NOT NULL, "updated_at" datetime NOT NULL) 
  [1m[36mSQL (0.1ms)[0m  [1mINSERT INTO "schema_migrations" ("version") VALUES (?)[0m  [["version", "20160901192700"]]
  [1m[35m (0.6ms)[0m  commit transaction
  [1m[36mActiveRecord::SchemaMigration Load (0.1ms)[0m  [1mSELECT "schema_migrations".* FROM "schema_migrations"[0m
  [1m[36mActiveRecord::SchemaMigration Load (0.1ms)[0m  [1mSELECT "schema_migrations".* FROM "schema_migrations"[0m
  [1m[35mSQL (1.5ms)[0m  DELETE FROM "items"
  [1m[36m (0.1ms)[0m  [1mbegin transaction[0m
  [1m[35mSQL (0.3ms)[0m  INSERT INTO "items" ("name", "description", "price_in_pennies", "active", "created_at", "updated_at") VALUES (?, ?, ?, ?, ?, ?)  [["name", "Test Item 1"], ["description", "Well that was weird."], ["price_in_pennies", 1599], ["active", "t"], ["created_at", "2016-09-01 20:06:10.953885"], ["updated_at", "2016-09-01 20:06:10.953885"]]
  [1m[36m (0.6ms)[0m  [1mcommit transaction[0m
  [1m[35m (0.0ms)[0m  begin transaction
  [1m[36mSQL (0.2ms)[0m  [1mINSERT INTO "items" ("name", "description", "price_in_pennies", "created_at", "updated_at") VALUES (?, ?, ?, ?, ?)[0m  [["name", "Test Item 2"], ["description", "Well that was weirder."], ["price_in_pennies", 2599], ["created_at", "2016-09-01 20:06:10.957575"], ["updated_at", "2016-09-01 20:06:10.957575"]]
  [1m[35m (0.6ms)[0m  commit transaction
  [1m[36m (0.0ms)[0m  [1mbegin transaction[0m
  [1m[35mSQL (0.1ms)[0m  INSERT INTO "items" ("name", "description", "price_in_pennies", "created_at", "updated_at") VALUES (?, ?, ?, ?, ?)  [["name", "Test Item 3"], ["description", "Well that was weirdest."], ["price_in_pennies", 1999], ["created_at", "2016-09-01 20:06:10.959348"], ["updated_at", "2016-09-01 20:06:10.959348"]]
  [1m[36m (0.5ms)[0m  [1mcommit transaction[0m


Started GET "/" for ::1 at 2016-09-01 13:06:18 -0700
  [1m[36mActiveRecord::SchemaMigration Load (0.1ms)[0m  [1mSELECT "schema_migrations".* FROM "schema_migrations"[0m
Processing by ItemsController#index as HTML
  [1m[35mItem Load (0.3ms)[0m  SELECT "items".* FROM "items"
  Rendered items/index.html.erb within layouts/application (19.6ms)
Completed 200 OK in 239ms (Views: 227.9ms | ActiveRecord: 0.5ms)


Started GET "/assets/application.self-e80e8f2318043e8af94dddc2adad5a4f09739a8ebb323b3ab31cd71d45fd9113.css?body=1" for ::1 at 2016-09-01 13:06:18 -0700


Started GET "/assets/jquery.self-bd7ddd393353a8d2480a622e80342adf488fb6006d667e8b42e4c0073393abee.js?body=1" for ::1 at 2016-09-01 13:06:18 -0700


Started GET "/assets/application.self-3b8dabdc891efe46b9a144b400ad69e37d7e5876bdc39dee783419a69d7ca819.js?body=1" for ::1 at 2016-09-01 13:06:18 -0700


Started GET "/assets/jquery_ujs.self-784a997f6726036b1993eb2217c9cb558e1cbb801c6da88105588c56f13b466a.js?body=1" for ::1 at 2016-09-01 13:06:18 -0700


Started GET "/assets/items.self-e3b0c44298fc1c149afbf4c8996fb92427ae41e4649b934ca495991b7852b855.css?body=1" for ::1 at 2016-09-01 13:06:18 -0700


Started GET "/assets/items.self-877aef30ae1b040ab8a3aba4e3e309a11d7f2612f44dde450b5c157aa5f95c05.js?body=1" for ::1 at 2016-09-01 13:06:18 -0700


Started GET "/assets/turbolinks.self-c5acd7a204f5f25ce7a1d8a0e4d92e28d34c9e2df2c7371cd7af88e147e4ad82.js?body=1" for ::1 at 2016-09-01 13:06:18 -0700
  [1m[36mItem Load (1.3ms)[0m  [1mSELECT "items".* FROM "items"[0m
  [1m[35mItem Load (0.2ms)[0m  SELECT "items".* FROM "items"
  [1m[36mItem Load (1.3ms)[0m  [1mSELECT "items".* FROM "items"[0m
  [1m[36m (1.0ms)[0m  [1mCREATE TABLE "schema_migrations" ("version" varchar NOT NULL) [0m
  [1m[35m (0.1ms)[0m  select sqlite_version(*)
  [1m[36m (0.8ms)[0m  [1mCREATE UNIQUE INDEX "unique_schema_migrations" ON "schema_migrations" ("version")[0m
  [1m[35mActiveRecord::SchemaMigration Load (0.1ms)[0m  SELECT "schema_migrations".* FROM "schema_migrations"
Migrating to CreateItems (20160901192700)
  [1m[36m (0.1ms)[0m  [1mbegin transaction[0m
  [1m[35m (1.0ms)[0m  CREATE TABLE "items" ("id" INTEGER PRIMARY KEY AUTOINCREMENT NOT NULL, "name" varchar, "description" varchar, "price_in_pennies" integer, "active" boolean DEFAULT 'f', "created_at" datetime NOT NULL, "updated_at" datetime NOT NULL) 
  [1m[36mSQL (0.1ms)[0m  [1mINSERT INTO "schema_migrations" ("version") VALUES (?)[0m  [["version", "20160901192700"]]
  [1m[35m (0.8ms)[0m  commit transaction
Migrating to CreateBudgeters (20160901200829)
  [1m[36m (0.1ms)[0m  [1mbegin transaction[0m
  [1m[35m (0.3ms)[0m  CREATE TABLE "budgeters" ("id" INTEGER PRIMARY KEY AUTOINCREMENT NOT NULL, "created_at" datetime NOT NULL, "updated_at" datetime NOT NULL) 
  [1m[36mSQL (0.1ms)[0m  [1mINSERT INTO "schema_migrations" ("version") VALUES (?)[0m  [["version", "20160901200829"]]
  [1m[35m (0.7ms)[0m  commit transaction
  [1m[36mActiveRecord::SchemaMigration Load (0.1ms)[0m  [1mSELECT "schema_migrations".* FROM "schema_migrations"[0m
  [1m[36mActiveRecord::SchemaMigration Load (0.1ms)[0m  [1mSELECT "schema_migrations".* FROM "schema_migrations"[0m
  [1m[35mSQL (0.8ms)[0m  DELETE FROM "items"
  [1m[36m (0.1ms)[0m  [1mbegin transaction[0m
  [1m[35mSQL (0.3ms)[0m  INSERT INTO "items" ("name", "description", "price_in_pennies", "active", "created_at", "updated_at") VALUES (?, ?, ?, ?, ?, ?)  [["name", "Test Item 1"], ["description", "Well that was weird."], ["price_in_pennies", 1599], ["active", "t"], ["created_at", "2016-09-01 20:25:14.706758"], ["updated_at", "2016-09-01 20:25:14.706758"]]
  [1m[36m (0.6ms)[0m  [1mcommit transaction[0m
  [1m[35m (0.0ms)[0m  begin transaction
  [1m[36mSQL (0.3ms)[0m  [1mINSERT INTO "items" ("name", "description", "price_in_pennies", "created_at", "updated_at") VALUES (?, ?, ?, ?, ?)[0m  [["name", "Test Item 2"], ["description", "Well that was weirder."], ["price_in_pennies", 2599], ["created_at", "2016-09-01 20:25:14.710590"], ["updated_at", "2016-09-01 20:25:14.710590"]]
  [1m[35m (0.7ms)[0m  commit transaction
  [1m[36m (0.0ms)[0m  [1mbegin transaction[0m
  [1m[35mSQL (0.2ms)[0m  INSERT INTO "items" ("name", "description", "price_in_pennies", "created_at", "updated_at") VALUES (?, ?, ?, ?, ?)  [["name", "Test Item 3"], ["description", "Well that was weirdest."], ["price_in_pennies", 1999], ["created_at", "2016-09-01 20:25:14.712951"], ["updated_at", "2016-09-01 20:25:14.712951"]]
  [1m[36m (0.6ms)[0m  [1mcommit transaction[0m
  [1m[36mItem Load (2.2ms)[0m  [1mSELECT "items".* FROM "items"[0m
  [1m[35mItem Load (0.2ms)[0m  SELECT "items".* FROM "items"
  [1m[36mActiveRecord::SchemaMigration Load (0.1ms)[0m  [1mSELECT "schema_migrations".* FROM "schema_migrations"[0m
  [1m[35mActiveRecord::SchemaMigration Load (0.1ms)[0m  SELECT "schema_migrations".* FROM "schema_migrations"
  [1m[36mActiveRecord::SchemaMigration Load (0.1ms)[0m  [1mSELECT "schema_migrations".* FROM "schema_migrations"[0m
  [1m[35mSQL (0.9ms)[0m  DELETE FROM "items"
  [1m[36mSQL (0.8ms)[0m  [1mDELETE FROM "budgeters"[0m
  [1m[35m (0.1ms)[0m  begin transaction
  [1m[36mSQL (0.3ms)[0m  [1mINSERT INTO "budgeters" ("created_at", "updated_at") VALUES (?, ?)[0m  [["created_at", "2016-09-01 20:30:06.371438"], ["updated_at", "2016-09-01 20:30:06.371438"]]
  [1m[35m (0.6ms)[0m  commit transaction
  [1m[36m (1.7ms)[0m  [1mCREATE TABLE "schema_migrations" ("version" varchar NOT NULL) [0m
  [1m[35m (0.1ms)[0m  select sqlite_version(*)
  [1m[36m (1.1ms)[0m  [1mCREATE UNIQUE INDEX "unique_schema_migrations" ON "schema_migrations" ("version")[0m
  [1m[35mActiveRecord::SchemaMigration Load (0.1ms)[0m  SELECT "schema_migrations".* FROM "schema_migrations"
Migrating to CreateItems (20160901192700)
  [1m[36m (0.1ms)[0m  [1mbegin transaction[0m
  [1m[35m (0.4ms)[0m  CREATE TABLE "items" ("id" INTEGER PRIMARY KEY AUTOINCREMENT NOT NULL, "name" varchar, "description" varchar, "price_in_pennies" integer, "active" boolean DEFAULT 'f', "budgeter_id" integer, "created_at" datetime NOT NULL, "updated_at" datetime NOT NULL) 
  [1m[36mSQL (0.1ms)[0m  [1mINSERT INTO "schema_migrations" ("version") VALUES (?)[0m  [["version", "20160901192700"]]
  [1m[35m (0.7ms)[0m  commit transaction
Migrating to CreateBudgeters (20160901200829)
  [1m[36m (0.0ms)[0m  [1mbegin transaction[0m
  [1m[35m (0.3ms)[0m  CREATE TABLE "budgeters" ("id" INTEGER PRIMARY KEY AUTOINCREMENT NOT NULL, "created_at" datetime NOT NULL, "updated_at" datetime NOT NULL) 
  [1m[36mSQL (0.1ms)[0m  [1mINSERT INTO "schema_migrations" ("version") VALUES (?)[0m  [["version", "20160901200829"]]
  [1m[35m (0.7ms)[0m  commit transaction
  [1m[36mActiveRecord::SchemaMigration Load (0.1ms)[0m  [1mSELECT "schema_migrations".* FROM "schema_migrations"[0m
  [1m[36mActiveRecord::SchemaMigration Load (0.1ms)[0m  [1mSELECT "schema_migrations".* FROM "schema_migrations"[0m
  [1m[35mSQL (1.7ms)[0m  DELETE FROM "items"
  [1m[36mSQL (0.8ms)[0m  [1mDELETE FROM "budgeters"[0m
  [1m[35m (0.1ms)[0m  begin transaction
  [1m[36mSQL (0.3ms)[0m  [1mINSERT INTO "budgeters" ("created_at", "updated_at") VALUES (?, ?)[0m  [["created_at", "2016-09-01 20:30:50.944642"], ["updated_at", "2016-09-01 20:30:50.944642"]]
  [1m[35m (0.8ms)[0m  commit transaction
  [1m[36m (0.1ms)[0m  [1mbegin transaction[0m
  [1m[35mSQL (0.2ms)[0m  INSERT INTO "items" ("name", "description", "price_in_pennies", "active", "budgeter_id", "created_at", "updated_at") VALUES (?, ?, ?, ?, ?, ?, ?)  [["name", "Test Item 1"], ["description", "Well that was weird."], ["price_in_pennies", 1599], ["active", "t"], ["budgeter_id", 1], ["created_at", "2016-09-01 20:30:50.953905"], ["updated_at", "2016-09-01 20:30:50.953905"]]
  [1m[36m (0.6ms)[0m  [1mcommit transaction[0m
  [1m[35m (0.0ms)[0m  begin transaction
  [1m[36mSQL (0.2ms)[0m  [1mINSERT INTO "items" ("name", "description", "price_in_pennies", "budgeter_id", "created_at", "updated_at") VALUES (?, ?, ?, ?, ?, ?)[0m  [["name", "Test Item 2"], ["description", "Well that was weirder."], ["price_in_pennies", 2599], ["budgeter_id", 1], ["created_at", "2016-09-01 20:30:50.956204"], ["updated_at", "2016-09-01 20:30:50.956204"]]
  [1m[35m (0.7ms)[0m  commit transaction
  [1m[36m (0.0ms)[0m  [1mbegin transaction[0m
  [1m[35mSQL (0.2ms)[0m  INSERT INTO "items" ("name", "description", "price_in_pennies", "budgeter_id", "created_at", "updated_at") VALUES (?, ?, ?, ?, ?, ?)  [["name", "Test Item 3"], ["description", "Well that was weirdest."], ["price_in_pennies", 1999], ["budgeter_id", 1], ["created_at", "2016-09-01 20:30:50.958285"], ["updated_at", "2016-09-01 20:30:50.958285"]]
  [1m[36m (0.6ms)[0m  [1mcommit transaction[0m
  [1m[36mItem Load (1.5ms)[0m  [1mSELECT "items".* FROM "items"[0m
  [1m[35mBudgeter Load (0.1ms)[0m  SELECT "budgeters".* FROM "budgeters"
  [1m[36mBudgeter Load (0.2ms)[0m  [1mSELECT  "budgeters".* FROM "budgeters"  ORDER BY "budgeters"."id" ASC LIMIT 1[0m
  [1m[35mItem Load (0.2ms)[0m  SELECT "items".* FROM "items" WHERE "items"."budgeter_id" = ?  [["budgeter_id", 1]]
  [1m[36mBudgeter Load (0.1ms)[0m  [1mSELECT  "budgeters".* FROM "budgeters"  ORDER BY "budgeters"."id" ASC LIMIT 1[0m
  [1m[36mBudgeter Load (0.1ms)[0m  [1mSELECT  "budgeters".* FROM "budgeters"  ORDER BY "budgeters"."id" ASC LIMIT 1[0m
  [1m[35mItem Load (0.4ms)[0m  SELECT "items".* FROM "items" WHERE "items"."budgeter_id" = ?  [["budgeter_id", 1]]
  [1m[36mItem Load (0.1ms)[0m  [1mSELECT  "items".* FROM "items"  ORDER BY "items"."id" ASC LIMIT 1[0m
  [1m[35mItem Load (0.2ms)[0m  SELECT  "items".* FROM "items"  ORDER BY "items"."id" DESC LIMIT 1
